2020-05-19 08:50:28.952  INFO 9348 --- [main] com.uppower.BootTestApplicationTests     : Starting BootTestApplicationTests on 精彩逸轩 with PID 9348 (started by 精彩逸轩 in D:\Java\boot-test)
2020-05-19 08:50:28.952  INFO 9348 --- [main] com.uppower.BootTestApplicationTests     : No active profile set, falling back to default profiles: default
2020-05-19 08:50:30.249  INFO 9348 --- [main] .s.d.r.c.RepositoryConfigurationDelegate : Multiple Spring Data modules found, entering strict repository configuration mode!
2020-05-19 08:50:30.249  INFO 9348 --- [main] .s.d.r.c.RepositoryConfigurationDelegate : Bootstrapping Spring Data Redis repositories in DEFAULT mode.
2020-05-19 08:50:30.280  INFO 9348 --- [main] .s.d.r.c.RepositoryConfigurationDelegate : Finished Spring Data repository scanning in 8ms. Found 0 Redis repository interfaces.
2020-05-19 08:50:32.171  INFO 9348 --- [main] pertySourcedRequestMappingHandlerMapping : Mapped URL path [/v2/api-docs] onto method [springfox.documentation.swagger2.web.Swagger2Controller#getDocumentation(String, HttpServletRequest)]
2020-05-19 08:50:32.546  INFO 9348 --- [main] o.s.s.concurrent.ThreadPoolTaskExecutor  : Initializing ExecutorService 'applicationTaskExecutor'
2020-05-19 08:50:32.624  INFO 9348 --- [main] o.s.b.a.w.s.WelcomePageHandlerMapping    : Adding welcome page: class path resource [public/index.html]
2020-05-19 08:50:34.109  INFO 9348 --- [main] .s.s.UserDetailsServiceAutoConfiguration : 

Using generated security password: 8736d285-3dbd-434c-a7a6-05824454d122

2020-05-19 08:50:34.405  INFO 9348 --- [main] o.s.s.web.DefaultSecurityFilterChain     : Creating filter chain: any request, [org.springframework.security.web.context.request.async.WebAsyncManagerIntegrationFilter@d1c5cf2, org.springframework.security.web.context.SecurityContextPersistenceFilter@41e8d917, org.springframework.security.web.header.HeaderWriterFilter@60c96eb4, org.springframework.security.web.csrf.CsrfFilter@7e050be1, org.springframework.security.web.authentication.logout.LogoutFilter@5563bb40, org.springframework.security.web.authentication.UsernamePasswordAuthenticationFilter@64f3ca6, org.springframework.security.web.authentication.ui.DefaultLoginPageGeneratingFilter@645dc557, org.springframework.security.web.authentication.ui.DefaultLogoutPageGeneratingFilter@7e0986c9, org.springframework.security.web.authentication.www.BasicAuthenticationFilter@7996d0d4, org.springframework.security.web.savedrequest.RequestCacheAwareFilter@2b3f7704, org.springframework.security.web.servletapi.SecurityContextHolderAwareRequestFilter@3b57f915, org.springframework.security.web.authentication.AnonymousAuthenticationFilter@1377b1a0, org.springframework.security.web.session.SessionManagementFilter@5ab63a04, org.springframework.security.web.access.ExceptionTranslationFilter@1a17dd6f, org.springframework.security.web.access.intercept.FilterSecurityInterceptor@69ba3f4e]
2020-05-19 08:50:34.499  INFO 9348 --- [main] d.s.w.p.DocumentationPluginsBootstrapper : Context refreshed
2020-05-19 08:50:34.530  INFO 9348 --- [main] d.s.w.p.DocumentationPluginsBootstrapper : Found 1 custom documentation plugin(s)
2020-05-19 08:50:34.562  INFO 9348 --- [main] s.d.s.w.s.ApiListingReferenceScanner     : Scanning for api listing references
2020-05-19 08:50:34.702  INFO 9348 --- [main] com.uppower.BootTestApplicationTests     : Started BootTestApplicationTests in 6.249 seconds (JVM running for 7.915)
2020-05-19 08:50:36.234  INFO 9348 --- [main] com.alibaba.druid.pool.DruidDataSource   : {dataSource-1} inited
2020-05-19 08:50:36.421  INFO 9348 --- [SpringContextShutdownHook] o.s.s.concurrent.ThreadPoolTaskExecutor  : Shutting down ExecutorService 'applicationTaskExecutor'
2020-05-19 08:50:36.437  INFO 9348 --- [SpringContextShutdownHook] com.alibaba.druid.pool.DruidDataSource   : {dataSource-1} closed
2020-05-19 09:05:48.568  INFO 13096 --- [main] com.uppower.BootTestApplicationTests     : Starting BootTestApplicationTests on 精彩逸轩 with PID 13096 (started by 精彩逸轩 in D:\Java\boot-test)
2020-05-19 09:05:48.568  INFO 13096 --- [main] com.uppower.BootTestApplicationTests     : No active profile set, falling back to default profiles: default
2020-05-19 09:05:49.646  INFO 13096 --- [main] .s.d.r.c.RepositoryConfigurationDelegate : Multiple Spring Data modules found, entering strict repository configuration mode!
2020-05-19 09:05:49.661  INFO 13096 --- [main] .s.d.r.c.RepositoryConfigurationDelegate : Bootstrapping Spring Data Redis repositories in DEFAULT mode.
2020-05-19 09:05:49.677  INFO 13096 --- [main] .s.d.r.c.RepositoryConfigurationDelegate : Finished Spring Data repository scanning in 8ms. Found 0 Redis repository interfaces.
2020-05-19 09:05:51.537  INFO 13096 --- [main] pertySourcedRequestMappingHandlerMapping : Mapped URL path [/v2/api-docs] onto method [springfox.documentation.swagger2.web.Swagger2Controller#getDocumentation(String, HttpServletRequest)]
2020-05-19 09:05:51.912  INFO 13096 --- [main] o.s.s.concurrent.ThreadPoolTaskExecutor  : Initializing ExecutorService 'applicationTaskExecutor'
2020-05-19 09:05:51.974  INFO 13096 --- [main] o.s.b.a.w.s.WelcomePageHandlerMapping    : Adding welcome page: class path resource [public/index.html]
2020-05-19 09:05:53.443  INFO 13096 --- [main] .s.s.UserDetailsServiceAutoConfiguration : 

Using generated security password: edd3f772-3a1c-479b-908a-50d6b97e2bcd

2020-05-19 09:05:53.662  INFO 13096 --- [main] o.s.s.web.DefaultSecurityFilterChain     : Creating filter chain: any request, [org.springframework.security.web.context.request.async.WebAsyncManagerIntegrationFilter@368424db, org.springframework.security.web.context.SecurityContextPersistenceFilter@15c16f19, org.springframework.security.web.header.HeaderWriterFilter@1322b575, org.springframework.security.web.csrf.CsrfFilter@76596288, org.springframework.security.web.authentication.logout.LogoutFilter@56c42964, org.springframework.security.web.authentication.UsernamePasswordAuthenticationFilter@a826ff8, org.springframework.security.web.authentication.ui.DefaultLoginPageGeneratingFilter@3a16984c, org.springframework.security.web.authentication.ui.DefaultLogoutPageGeneratingFilter@44864536, org.springframework.security.web.authentication.www.BasicAuthenticationFilter@63187d63, org.springframework.security.web.savedrequest.RequestCacheAwareFilter@be6d228, org.springframework.security.web.servletapi.SecurityContextHolderAwareRequestFilter@2ae5bd34, org.springframework.security.web.authentication.AnonymousAuthenticationFilter@455f4483, org.springframework.security.web.session.SessionManagementFilter@d504137, org.springframework.security.web.access.ExceptionTranslationFilter@6ef1c3f7, org.springframework.security.web.access.intercept.FilterSecurityInterceptor@65d73bd]
2020-05-19 09:05:53.787  INFO 13096 --- [main] d.s.w.p.DocumentationPluginsBootstrapper : Context refreshed
2020-05-19 09:05:53.818  INFO 13096 --- [main] d.s.w.p.DocumentationPluginsBootstrapper : Found 1 custom documentation plugin(s)
2020-05-19 09:05:53.865  INFO 13096 --- [main] s.d.s.w.s.ApiListingReferenceScanner     : Scanning for api listing references
2020-05-19 09:05:54.224  INFO 13096 --- [main] com.uppower.BootTestApplicationTests     : Started BootTestApplicationTests in 6.118 seconds (JVM running for 7.696)
2020-05-19 09:05:55.644  INFO 13096 --- [main] com.alibaba.druid.pool.DruidDataSource   : {dataSource-1} inited
2020-05-19 09:05:55.862  INFO 13096 --- [SpringContextShutdownHook] o.s.s.concurrent.ThreadPoolTaskExecutor  : Shutting down ExecutorService 'applicationTaskExecutor'
2020-05-19 09:05:55.873  INFO 13096 --- [SpringContextShutdownHook] com.alibaba.druid.pool.DruidDataSource   : {dataSource-1} closed
2020-05-19 09:14:24.753  INFO 12636 --- [main] com.uppower.BootTestApplicationTests     : Starting BootTestApplicationTests on 精彩逸轩 with PID 12636 (started by 精彩逸轩 in D:\Java\boot-test)
2020-05-19 09:14:24.755  INFO 12636 --- [main] com.uppower.BootTestApplicationTests     : No active profile set, falling back to default profiles: default
2020-05-19 09:14:25.903  INFO 12636 --- [main] .s.d.r.c.RepositoryConfigurationDelegate : Multiple Spring Data modules found, entering strict repository configuration mode!
2020-05-19 09:14:25.906  INFO 12636 --- [main] .s.d.r.c.RepositoryConfigurationDelegate : Bootstrapping Spring Data Redis repositories in DEFAULT mode.
2020-05-19 09:14:25.934  INFO 12636 --- [main] .s.d.r.c.RepositoryConfigurationDelegate : Finished Spring Data repository scanning in 10ms. Found 0 Redis repository interfaces.
2020-05-19 09:14:27.554  INFO 12636 --- [main] pertySourcedRequestMappingHandlerMapping : Mapped URL path [/v2/api-docs] onto method [springfox.documentation.swagger2.web.Swagger2Controller#getDocumentation(String, HttpServletRequest)]
2020-05-19 09:14:27.932  INFO 12636 --- [main] o.s.s.concurrent.ThreadPoolTaskExecutor  : Initializing ExecutorService 'applicationTaskExecutor'
2020-05-19 09:14:27.997  INFO 12636 --- [main] o.s.b.a.w.s.WelcomePageHandlerMapping    : Adding welcome page: class path resource [public/index.html]
2020-05-19 09:14:29.687  INFO 12636 --- [main] .s.s.UserDetailsServiceAutoConfiguration : 

Using generated security password: 2e36b5b6-fdce-4ae8-8b64-01926abe9699

2020-05-19 09:14:29.907  INFO 12636 --- [main] o.s.s.web.DefaultSecurityFilterChain     : Creating filter chain: any request, [org.springframework.security.web.context.request.async.WebAsyncManagerIntegrationFilter@1657b017, org.springframework.security.web.context.SecurityContextPersistenceFilter@e4ca109, org.springframework.security.web.header.HeaderWriterFilter@3386c206, org.springframework.security.web.csrf.CsrfFilter@75527e36, org.springframework.security.web.authentication.logout.LogoutFilter@6aad919c, org.springframework.security.web.authentication.UsernamePasswordAuthenticationFilter@579846cc, org.springframework.security.web.authentication.ui.DefaultLoginPageGeneratingFilter@2b3f7704, org.springframework.security.web.authentication.ui.DefaultLogoutPageGeneratingFilter@368424db, org.springframework.security.web.authentication.www.BasicAuthenticationFilter@721fc2e3, org.springframework.security.web.savedrequest.RequestCacheAwareFilter@1a17dd6f, org.springframework.security.web.servletapi.SecurityContextHolderAwareRequestFilter@41e8d917, org.springframework.security.web.authentication.AnonymousAuthenticationFilter@44864536, org.springframework.security.web.session.SessionManagementFilter@6dded900, org.springframework.security.web.access.ExceptionTranslationFilter@76a1146d, org.springframework.security.web.access.intercept.FilterSecurityInterceptor@1999149e]
2020-05-19 09:14:30.007  INFO 12636 --- [main] d.s.w.p.DocumentationPluginsBootstrapper : Context refreshed
2020-05-19 09:14:30.035  INFO 12636 --- [main] d.s.w.p.DocumentationPluginsBootstrapper : Found 1 custom documentation plugin(s)
2020-05-19 09:14:30.070  INFO 12636 --- [main] s.d.s.w.s.ApiListingReferenceScanner     : Scanning for api listing references
2020-05-19 09:14:30.394  INFO 12636 --- [main] com.uppower.BootTestApplicationTests     : Started BootTestApplicationTests in 6.045 seconds (JVM running for 7.177)
2020-05-19 09:14:31.717  INFO 12636 --- [main] com.alibaba.druid.pool.DruidDataSource   : {dataSource-1} inited
2020-05-19 09:14:31.989  INFO 12636 --- [SpringContextShutdownHook] o.s.s.concurrent.ThreadPoolTaskExecutor  : Shutting down ExecutorService 'applicationTaskExecutor'
2020-05-19 09:14:31.997  INFO 12636 --- [SpringContextShutdownHook] com.alibaba.druid.pool.DruidDataSource   : {dataSource-1} closed
2020-05-19 09:27:29.263  INFO 3824 --- [main] com.uppower.BootTestApplicationTests     : Starting BootTestApplicationTests on 精彩逸轩 with PID 3824 (started by 精彩逸轩 in D:\Java\boot-test)
2020-05-19 09:27:29.265  INFO 3824 --- [main] com.uppower.BootTestApplicationTests     : No active profile set, falling back to default profiles: default
2020-05-19 09:27:30.492  INFO 3824 --- [main] .s.d.r.c.RepositoryConfigurationDelegate : Multiple Spring Data modules found, entering strict repository configuration mode!
2020-05-19 09:27:30.495  INFO 3824 --- [main] .s.d.r.c.RepositoryConfigurationDelegate : Bootstrapping Spring Data Redis repositories in DEFAULT mode.
2020-05-19 09:27:30.521  INFO 3824 --- [main] .s.d.r.c.RepositoryConfigurationDelegate : Finished Spring Data repository scanning in 10ms. Found 0 Redis repository interfaces.
2020-05-19 09:27:32.372  INFO 3824 --- [main] pertySourcedRequestMappingHandlerMapping : Mapped URL path [/v2/api-docs] onto method [springfox.documentation.swagger2.web.Swagger2Controller#getDocumentation(String, HttpServletRequest)]
2020-05-19 09:27:32.874  INFO 3824 --- [main] o.s.s.concurrent.ThreadPoolTaskExecutor  : Initializing ExecutorService 'applicationTaskExecutor'
2020-05-19 09:27:32.960  INFO 3824 --- [main] o.s.b.a.w.s.WelcomePageHandlerMapping    : Adding welcome page: class path resource [public/index.html]
2020-05-19 09:27:34.658  INFO 3824 --- [main] .s.s.UserDetailsServiceAutoConfiguration : 

Using generated security password: 1e9360c7-f905-4c54-8f38-4d485a9ee539

2020-05-19 09:27:34.914  INFO 3824 --- [main] o.s.s.web.DefaultSecurityFilterChain     : Creating filter chain: any request, [org.springframework.security.web.context.request.async.WebAsyncManagerIntegrationFilter@44864536, org.springframework.security.web.context.SecurityContextPersistenceFilter@1a17dd6f, org.springframework.security.web.header.HeaderWriterFilter@6dded900, org.springframework.security.web.csrf.CsrfFilter@6d815fb7, org.springframework.security.web.authentication.logout.LogoutFilter@211a9647, org.springframework.security.web.authentication.UsernamePasswordAuthenticationFilter@71f0806b, org.springframework.security.web.authentication.ui.DefaultLoginPageGeneratingFilter@3db1ce78, org.springframework.security.web.authentication.ui.DefaultLogoutPageGeneratingFilter@455f4483, org.springframework.security.web.authentication.www.BasicAuthenticationFilter@1ccdc7aa, org.springframework.security.web.savedrequest.RequestCacheAwareFilter@60c96eb4, org.springframework.security.web.servletapi.SecurityContextHolderAwareRequestFilter@2b3f7704, org.springframework.security.web.authentication.AnonymousAuthenticationFilter@6e239337, org.springframework.security.web.session.SessionManagementFilter@8432469, org.springframework.security.web.access.ExceptionTranslationFilter@3386c206, org.springframework.security.web.access.intercept.FilterSecurityInterceptor@27896d3b]
2020-05-19 09:27:35.033  INFO 3824 --- [main] d.s.w.p.DocumentationPluginsBootstrapper : Context refreshed
2020-05-19 09:27:35.065  INFO 3824 --- [main] d.s.w.p.DocumentationPluginsBootstrapper : Found 1 custom documentation plugin(s)
2020-05-19 09:27:35.103  INFO 3824 --- [main] s.d.s.w.s.ApiListingReferenceScanner     : Scanning for api listing references
2020-05-19 09:27:35.511  INFO 3824 --- [main] com.uppower.BootTestApplicationTests     : Started BootTestApplicationTests in 6.781 seconds (JVM running for 8.049)
2020-05-19 09:27:36.970  INFO 3824 --- [main] com.alibaba.druid.pool.DruidDataSource   : {dataSource-1} inited
2020-05-19 09:27:37.160  INFO 3824 --- [SpringContextShutdownHook] o.s.s.concurrent.ThreadPoolTaskExecutor  : Shutting down ExecutorService 'applicationTaskExecutor'
2020-05-19 09:27:37.174  INFO 3824 --- [SpringContextShutdownHook] com.alibaba.druid.pool.DruidDataSource   : {dataSource-1} closed
2020-05-19 09:28:02.126  INFO 4760 --- [main] com.uppower.BootTestApplicationTests     : Starting BootTestApplicationTests on 精彩逸轩 with PID 4760 (started by 精彩逸轩 in D:\Java\boot-test)
2020-05-19 09:28:02.128  INFO 4760 --- [main] com.uppower.BootTestApplicationTests     : No active profile set, falling back to default profiles: default
2020-05-19 09:28:03.376  INFO 4760 --- [main] .s.d.r.c.RepositoryConfigurationDelegate : Multiple Spring Data modules found, entering strict repository configuration mode!
2020-05-19 09:28:03.379  INFO 4760 --- [main] .s.d.r.c.RepositoryConfigurationDelegate : Bootstrapping Spring Data Redis repositories in DEFAULT mode.
2020-05-19 09:28:03.408  INFO 4760 --- [main] .s.d.r.c.RepositoryConfigurationDelegate : Finished Spring Data repository scanning in 11ms. Found 0 Redis repository interfaces.
2020-05-19 09:28:05.494  INFO 4760 --- [main] pertySourcedRequestMappingHandlerMapping : Mapped URL path [/v2/api-docs] onto method [springfox.documentation.swagger2.web.Swagger2Controller#getDocumentation(String, HttpServletRequest)]
2020-05-19 09:28:05.948  INFO 4760 --- [main] o.s.s.concurrent.ThreadPoolTaskExecutor  : Initializing ExecutorService 'applicationTaskExecutor'
2020-05-19 09:28:06.015  INFO 4760 --- [main] o.s.b.a.w.s.WelcomePageHandlerMapping    : Adding welcome page: class path resource [public/index.html]
2020-05-19 09:28:07.615  INFO 4760 --- [main] .s.s.UserDetailsServiceAutoConfiguration : 

Using generated security password: 0d98542d-4127-42ef-9a2a-c956c0c85c6b

2020-05-19 09:28:07.843  INFO 4760 --- [main] o.s.s.web.DefaultSecurityFilterChain     : Creating filter chain: any request, [org.springframework.security.web.context.request.async.WebAsyncManagerIntegrationFilter@1657b017, org.springframework.security.web.context.SecurityContextPersistenceFilter@e4ca109, org.springframework.security.web.header.HeaderWriterFilter@3386c206, org.springframework.security.web.csrf.CsrfFilter@75527e36, org.springframework.security.web.authentication.logout.LogoutFilter@6aad919c, org.springframework.security.web.authentication.UsernamePasswordAuthenticationFilter@579846cc, org.springframework.security.web.authentication.ui.DefaultLoginPageGeneratingFilter@2b3f7704, org.springframework.security.web.authentication.ui.DefaultLogoutPageGeneratingFilter@368424db, org.springframework.security.web.authentication.www.BasicAuthenticationFilter@721fc2e3, org.springframework.security.web.savedrequest.RequestCacheAwareFilter@1a17dd6f, org.springframework.security.web.servletapi.SecurityContextHolderAwareRequestFilter@41e8d917, org.springframework.security.web.authentication.AnonymousAuthenticationFilter@44864536, org.springframework.security.web.session.SessionManagementFilter@6dded900, org.springframework.security.web.access.ExceptionTranslationFilter@76a1146d, org.springframework.security.web.access.intercept.FilterSecurityInterceptor@1999149e]
2020-05-19 09:28:07.958  INFO 4760 --- [main] d.s.w.p.DocumentationPluginsBootstrapper : Context refreshed
2020-05-19 09:28:07.985  INFO 4760 --- [main] d.s.w.p.DocumentationPluginsBootstrapper : Found 1 custom documentation plugin(s)
2020-05-19 09:28:08.017  INFO 4760 --- [main] s.d.s.w.s.ApiListingReferenceScanner     : Scanning for api listing references
2020-05-19 09:28:08.337  INFO 4760 --- [main] com.uppower.BootTestApplicationTests     : Started BootTestApplicationTests in 6.637 seconds (JVM running for 7.876)
2020-05-19 09:28:09.724  INFO 4760 --- [main] com.alibaba.druid.pool.DruidDataSource   : {dataSource-1} inited
2020-05-19 09:28:09.966  INFO 4760 --- [SpringContextShutdownHook] o.s.s.concurrent.ThreadPoolTaskExecutor  : Shutting down ExecutorService 'applicationTaskExecutor'
2020-05-19 09:28:09.973  INFO 4760 --- [SpringContextShutdownHook] com.alibaba.druid.pool.DruidDataSource   : {dataSource-1} closed
2020-05-19 09:45:16.780  INFO 17404 --- [main] com.uppower.BootTestApplicationTests     : Starting BootTestApplicationTests on 精彩逸轩 with PID 17404 (started by 精彩逸轩 in D:\Java\boot-test)
2020-05-19 09:45:16.783  INFO 17404 --- [main] com.uppower.BootTestApplicationTests     : No active profile set, falling back to default profiles: default
2020-05-19 09:45:18.311  INFO 17404 --- [main] .s.d.r.c.RepositoryConfigurationDelegate : Multiple Spring Data modules found, entering strict repository configuration mode!
2020-05-19 09:45:18.315  INFO 17404 --- [main] .s.d.r.c.RepositoryConfigurationDelegate : Bootstrapping Spring Data Redis repositories in DEFAULT mode.
2020-05-19 09:45:18.343  INFO 17404 --- [main] .s.d.r.c.RepositoryConfigurationDelegate : Finished Spring Data repository scanning in 10ms. Found 0 Redis repository interfaces.
2020-05-19 09:45:20.376  INFO 17404 --- [main] pertySourcedRequestMappingHandlerMapping : Mapped URL path [/v2/api-docs] onto method [springfox.documentation.swagger2.web.Swagger2Controller#getDocumentation(String, HttpServletRequest)]
2020-05-19 09:45:20.838  INFO 17404 --- [main] o.s.s.concurrent.ThreadPoolTaskExecutor  : Initializing ExecutorService 'applicationTaskExecutor'
2020-05-19 09:45:20.912  INFO 17404 --- [main] o.s.b.a.w.s.WelcomePageHandlerMapping    : Adding welcome page: class path resource [public/index.html]
2020-05-19 09:45:22.648  INFO 17404 --- [main] .s.s.UserDetailsServiceAutoConfiguration : 

Using generated security password: 9e710833-957b-46d9-9202-7b26bb26d37e

2020-05-19 09:45:22.896  INFO 17404 --- [main] o.s.s.web.DefaultSecurityFilterChain     : Creating filter chain: any request, [org.springframework.security.web.context.request.async.WebAsyncManagerIntegrationFilter@38f502fc, org.springframework.security.web.context.SecurityContextPersistenceFilter@645dc557, org.springframework.security.web.header.HeaderWriterFilter@6a6d1ff3, org.springframework.security.web.csrf.CsrfFilter@6ef1c3f7, org.springframework.security.web.authentication.logout.LogoutFilter@58882a93, org.springframework.security.web.authentication.UsernamePasswordAuthenticationFilter@7996d0d4, org.springframework.security.web.authentication.ui.DefaultLoginPageGeneratingFilter@308e87a1, org.springframework.security.web.authentication.ui.DefaultLogoutPageGeneratingFilter@67c21bf, org.springframework.security.web.authentication.www.BasicAuthenticationFilter@f59da34, org.springframework.security.web.savedrequest.RequestCacheAwareFilter@17884d, org.springframework.security.web.servletapi.SecurityContextHolderAwareRequestFilter@322b09da, org.springframework.security.web.authentication.AnonymousAuthenticationFilter@67afe909, org.springframework.security.web.session.SessionManagementFilter@57c6feea, org.springframework.security.web.access.ExceptionTranslationFilter@3db1ce78, org.springframework.security.web.access.intercept.FilterSecurityInterceptor@3df77dfa]
2020-05-19 09:45:23.002  INFO 17404 --- [main] d.s.w.p.DocumentationPluginsBootstrapper : Context refreshed
2020-05-19 09:45:23.034  INFO 17404 --- [main] d.s.w.p.DocumentationPluginsBootstrapper : Found 1 custom documentation plugin(s)
2020-05-19 09:45:23.073  INFO 17404 --- [main] s.d.s.w.s.ApiListingReferenceScanner     : Scanning for api listing references
2020-05-19 09:45:23.438  INFO 17404 --- [main] com.uppower.BootTestApplicationTests     : Started BootTestApplicationTests in 7.195 seconds (JVM running for 8.646)
2020-05-19 09:45:25.057  INFO 17404 --- [main] com.alibaba.druid.pool.DruidDataSource   : {dataSource-1} inited
2020-05-19 09:45:25.297  INFO 17404 --- [SpringContextShutdownHook] o.s.s.concurrent.ThreadPoolTaskExecutor  : Shutting down ExecutorService 'applicationTaskExecutor'
2020-05-19 09:45:25.306  INFO 17404 --- [SpringContextShutdownHook] com.alibaba.druid.pool.DruidDataSource   : {dataSource-1} closed
2020-05-19 10:24:35.968  INFO 10500 --- [main] com.uppower.BootTestApplicationTests     : Starting BootTestApplicationTests on 精彩逸轩 with PID 10500 (started by 精彩逸轩 in D:\Java\boot-test)
2020-05-19 10:24:35.972  INFO 10500 --- [main] com.uppower.BootTestApplicationTests     : No active profile set, falling back to default profiles: default
2020-05-19 10:24:38.396  INFO 10500 --- [main] .s.d.r.c.RepositoryConfigurationDelegate : Multiple Spring Data modules found, entering strict repository configuration mode!
2020-05-19 10:24:38.402  INFO 10500 --- [main] .s.d.r.c.RepositoryConfigurationDelegate : Bootstrapping Spring Data Redis repositories in DEFAULT mode.
2020-05-19 10:24:38.457  INFO 10500 --- [main] .s.d.r.c.RepositoryConfigurationDelegate : Finished Spring Data repository scanning in 22ms. Found 0 Redis repository interfaces.
2020-05-19 10:24:43.050  INFO 10500 --- [main] pertySourcedRequestMappingHandlerMapping : Mapped URL path [/v2/api-docs] onto method [springfox.documentation.swagger2.web.Swagger2Controller#getDocumentation(String, HttpServletRequest)]
2020-05-19 10:24:44.330  INFO 10500 --- [main] o.s.s.concurrent.ThreadPoolTaskExecutor  : Initializing ExecutorService 'applicationTaskExecutor'
2020-05-19 10:24:44.546  INFO 10500 --- [main] o.s.b.a.w.s.WelcomePageHandlerMapping    : Adding welcome page: class path resource [public/index.html]
2020-05-19 10:24:48.707  INFO 10500 --- [main] .s.s.UserDetailsServiceAutoConfiguration : 

Using generated security password: 27dff055-1eff-4834-a566-7d8ca7ef2208

2020-05-19 10:24:49.043  INFO 10500 --- [main] o.s.s.web.DefaultSecurityFilterChain     : Creating filter chain: any request, [org.springframework.security.web.context.request.async.WebAsyncManagerIntegrationFilter@52a67293, org.springframework.security.web.context.SecurityContextPersistenceFilter@3b57f915, org.springframework.security.web.header.HeaderWriterFilter@3db1ce78, org.springframework.security.web.csrf.CsrfFilter@7e2bd5e6, org.springframework.security.web.authentication.logout.LogoutFilter@1c72189f, org.springframework.security.web.authentication.UsernamePasswordAuthenticationFilter@455f4483, org.springframework.security.web.authentication.ui.DefaultLoginPageGeneratingFilter@322b09da, org.springframework.security.web.authentication.ui.DefaultLogoutPageGeneratingFilter@793cef95, org.springframework.security.web.authentication.www.BasicAuthenticationFilter@15d65fcf, org.springframework.security.web.savedrequest.RequestCacheAwareFilter@645dc557, org.springframework.security.web.servletapi.SecurityContextHolderAwareRequestFilter@211a9647, org.springframework.security.web.authentication.AnonymousAuthenticationFilter@38f502fc, org.springframework.security.web.session.SessionManagementFilter@6a6d1ff3, org.springframework.security.web.access.ExceptionTranslationFilter@2b3f7704, org.springframework.security.web.access.intercept.FilterSecurityInterceptor@79ad1774]
2020-05-19 10:24:49.247  INFO 10500 --- [main] d.s.w.p.DocumentationPluginsBootstrapper : Context refreshed
2020-05-19 10:24:49.327  INFO 10500 --- [main] d.s.w.p.DocumentationPluginsBootstrapper : Found 1 custom documentation plugin(s)
2020-05-19 10:24:49.404  INFO 10500 --- [main] s.d.s.w.s.ApiListingReferenceScanner     : Scanning for api listing references
2020-05-19 10:24:50.191  INFO 10500 --- [main] com.uppower.BootTestApplicationTests     : Started BootTestApplicationTests in 15.164 seconds (JVM running for 17.617)
2020-05-19 10:24:52.809  INFO 10500 --- [main] com.alibaba.druid.pool.DruidDataSource   : {dataSource-1} inited
2020-05-19 10:24:53.214  INFO 10500 --- [SpringContextShutdownHook] o.s.s.concurrent.ThreadPoolTaskExecutor  : Shutting down ExecutorService 'applicationTaskExecutor'
2020-05-19 10:24:53.227  INFO 10500 --- [SpringContextShutdownHook] com.alibaba.druid.pool.DruidDataSource   : {dataSource-1} closed
