2020-05-15 15:18:49,383 0      [           main] DEBUG           druid.sql.Connection  - {conn-10001} connected
2020-05-15 15:18:49,398 15     [           main] DEBUG           druid.sql.Connection  - {conn-10002} connected
2020-05-15 15:18:49,412 29     [           main] DEBUG           druid.sql.Connection  - {conn-10003} connected
2020-05-15 15:18:49,423 40     [           main] DEBUG           druid.sql.Connection  - {conn-10004} connected
2020-05-15 15:18:49,434 51     [           main] DEBUG           druid.sql.Connection  - {conn-10005} connected
2020-05-15 15:18:49,444 61     [           main] DEBUG           druid.sql.Connection  - {conn-10005} pool-connect
2020-05-15 15:18:49,699 316    [           main] DEBUG            druid.sql.Statement  - {conn-10005, pstmt-20000} created. insert into administrators values(?,?)
2020-05-15 15:18:49,704 321    [           main] DEBUG            druid.sql.Statement  - {conn-10005, pstmt-20000} Parameters : [root, root]
2020-05-15 15:18:49,704 321    [           main] DEBUG            druid.sql.Statement  - {conn-10005, pstmt-20000} Types : [VARCHAR, VARCHAR]
2020-05-15 15:18:49,723 340    [           main] ERROR            druid.sql.Statement  - {conn-10005, pstmt-20000} execute error. insert into administrators values(?,?)
java.sql.SQLIntegrityConstraintViolationException: Duplicate entry 'root' for key 'PRIMARY'
	at com.mysql.cj.jdbc.exceptions.SQLError.createSQLException(SQLError.java:117)
	at com.mysql.cj.jdbc.exceptions.SQLError.createSQLException(SQLError.java:97)
	at com.mysql.cj.jdbc.exceptions.SQLExceptionsMapping.translateException(SQLExceptionsMapping.java:122)
	at com.mysql.cj.jdbc.ClientPreparedStatement.executeInternal(ClientPreparedStatement.java:953)
	at com.mysql.cj.jdbc.ClientPreparedStatement.execute(ClientPreparedStatement.java:370)
	at com.alibaba.druid.filter.FilterChainImpl.preparedStatement_execute(FilterChainImpl.java:3051)
	at com.alibaba.druid.filter.FilterEventAdapter.preparedStatement_execute(FilterEventAdapter.java:440)
	at com.alibaba.druid.filter.FilterChainImpl.preparedStatement_execute(FilterChainImpl.java:3049)
	at com.alibaba.druid.wall.WallFilter.preparedStatement_execute(WallFilter.java:619)
	at com.alibaba.druid.filter.FilterChainImpl.preparedStatement_execute(FilterChainImpl.java:3049)
	at com.alibaba.druid.filter.FilterEventAdapter.preparedStatement_execute(FilterEventAdapter.java:440)
	at com.alibaba.druid.filter.FilterChainImpl.preparedStatement_execute(FilterChainImpl.java:3049)
	at com.alibaba.druid.proxy.jdbc.PreparedStatementProxyImpl.execute(PreparedStatementProxyImpl.java:167)
	at com.alibaba.druid.pool.DruidPooledPreparedStatement.execute(DruidPooledPreparedStatement.java:498)
	at org.apache.ibatis.executor.statement.PreparedStatementHandler.update(PreparedStatementHandler.java:47)
	at org.apache.ibatis.executor.statement.RoutingStatementHandler.update(RoutingStatementHandler.java:74)
	at org.apache.ibatis.executor.SimpleExecutor.doUpdate(SimpleExecutor.java:50)
	at org.apache.ibatis.executor.BaseExecutor.update(BaseExecutor.java:117)
	at org.apache.ibatis.executor.CachingExecutor.update(CachingExecutor.java:76)
	at org.apache.ibatis.session.defaults.DefaultSqlSession.update(DefaultSqlSession.java:197)
	at org.apache.ibatis.session.defaults.DefaultSqlSession.insert(DefaultSqlSession.java:184)
	at sun.reflect.NativeMethodAccessorImpl.invoke0(Native Method)
	at sun.reflect.NativeMethodAccessorImpl.invoke(NativeMethodAccessorImpl.java:62)
	at sun.reflect.DelegatingMethodAccessorImpl.invoke(DelegatingMethodAccessorImpl.java:43)
	at java.lang.reflect.Method.invoke(Method.java:498)
	at org.mybatis.spring.SqlSessionTemplate$SqlSessionInterceptor.invoke(SqlSessionTemplate.java:426)
	at com.sun.proxy.$Proxy82.insert(Unknown Source)
	at org.mybatis.spring.SqlSessionTemplate.insert(SqlSessionTemplate.java:271)
	at org.apache.ibatis.binding.MapperMethod.execute(MapperMethod.java:62)
	at org.apache.ibatis.binding.MapperProxy$PlainMethodInvoker.invoke(MapperProxy.java:144)
	at org.apache.ibatis.binding.MapperProxy.invoke(MapperProxy.java:85)
	at com.sun.proxy.$Proxy91.addAdmin(Unknown Source)
	at com.uppower.BootTestApplicationTests.contextLoads(BootTestApplicationTests.java:18)
	at sun.reflect.NativeMethodAccessorImpl.invoke0(Native Method)
	at sun.reflect.NativeMethodAccessorImpl.invoke(NativeMethodAccessorImpl.java:62)
	at sun.reflect.DelegatingMethodAccessorImpl.invoke(DelegatingMethodAccessorImpl.java:43)
	at java.lang.reflect.Method.invoke(Method.java:498)
	at org.junit.platform.commons.util.ReflectionUtils.invokeMethod(ReflectionUtils.java:675)
	at org.junit.jupiter.engine.execution.MethodInvocation.proceed(MethodInvocation.java:60)
	at org.junit.jupiter.engine.execution.InvocationInterceptorChain$ValidatingInvocation.proceed(InvocationInterceptorChain.java:125)
	at org.junit.jupiter.engine.extension.TimeoutExtension.intercept(TimeoutExtension.java:132)
	at org.junit.jupiter.engine.extension.TimeoutExtension.interceptTestableMethod(TimeoutExtension.java:124)
	at org.junit.jupiter.engine.extension.TimeoutExtension.interceptTestMethod(TimeoutExtension.java:74)
	at org.junit.jupiter.engine.execution.ExecutableInvoker$ReflectiveInterceptorCall.lambda$ofVoidMethod$0(ExecutableInvoker.java:115)
	at org.junit.jupiter.engine.execution.ExecutableInvoker.lambda$invoke$0(ExecutableInvoker.java:105)
	at org.junit.jupiter.engine.execution.InvocationInterceptorChain$InterceptedInvocation.proceed(InvocationInterceptorChain.java:104)
	at org.junit.jupiter.engine.execution.InvocationInterceptorChain.proceed(InvocationInterceptorChain.java:62)
	at org.junit.jupiter.engine.execution.InvocationInterceptorChain.chainAndInvoke(InvocationInterceptorChain.java:43)
	at org.junit.jupiter.engine.execution.InvocationInterceptorChain.invoke(InvocationInterceptorChain.java:35)
	at org.junit.jupiter.engine.execution.ExecutableInvoker.invoke(ExecutableInvoker.java:104)
	at org.junit.jupiter.engine.execution.ExecutableInvoker.invoke(ExecutableInvoker.java:98)
	at org.junit.jupiter.engine.descriptor.TestMethodTestDescriptor.lambda$invokeTestMethod$6(TestMethodTestDescriptor.java:202)
	at org.junit.platform.engine.support.hierarchical.ThrowableCollector.execute(ThrowableCollector.java:73)
	at org.junit.jupiter.engine.descriptor.TestMethodTestDescriptor.invokeTestMethod(TestMethodTestDescriptor.java:198)
	at org.junit.jupiter.engine.descriptor.TestMethodTestDescriptor.execute(TestMethodTestDescriptor.java:135)
	at org.junit.jupiter.engine.descriptor.TestMethodTestDescriptor.execute(TestMethodTestDescriptor.java:69)
	at org.junit.platform.engine.support.hierarchical.NodeTestTask.lambda$executeRecursively$5(NodeTestTask.java:135)
	at org.junit.platform.engine.support.hierarchical.ThrowableCollector.execute(ThrowableCollector.java:73)
	at org.junit.platform.engine.support.hierarchical.NodeTestTask.lambda$executeRecursively$7(NodeTestTask.java:125)
	at org.junit.platform.engine.support.hierarchical.Node.around(Node.java:135)
	at org.junit.platform.engine.support.hierarchical.NodeTestTask.lambda$executeRecursively$8(NodeTestTask.java:123)
	at org.junit.platform.engine.support.hierarchical.ThrowableCollector.execute(ThrowableCollector.java:73)
	at org.junit.platform.engine.support.hierarchical.NodeTestTask.executeRecursively(NodeTestTask.java:122)
	at org.junit.platform.engine.support.hierarchical.NodeTestTask.execute(NodeTestTask.java:80)
	at java.util.ArrayList.forEach(ArrayList.java:1257)
	at org.junit.platform.engine.support.hierarchical.SameThreadHierarchicalTestExecutorService.invokeAll(SameThreadHierarchicalTestExecutorService.java:38)
	at org.junit.platform.engine.support.hierarchical.NodeTestTask.lambda$executeRecursively$5(NodeTestTask.java:139)
	at org.junit.platform.engine.support.hierarchical.ThrowableCollector.execute(ThrowableCollector.java:73)
	at org.junit.platform.engine.support.hierarchical.NodeTestTask.lambda$executeRecursively$7(NodeTestTask.java:125)
	at org.junit.platform.engine.support.hierarchical.Node.around(Node.java:135)
	at org.junit.platform.engine.support.hierarchical.NodeTestTask.lambda$executeRecursively$8(NodeTestTask.java:123)
	at org.junit.platform.engine.support.hierarchical.ThrowableCollector.execute(ThrowableCollector.java:73)
	at org.junit.platform.engine.support.hierarchical.NodeTestTask.executeRecursively(NodeTestTask.java:122)
	at org.junit.platform.engine.support.hierarchical.NodeTestTask.execute(NodeTestTask.java:80)
	at java.util.ArrayList.forEach(ArrayList.java:1257)
	at org.junit.platform.engine.support.hierarchical.SameThreadHierarchicalTestExecutorService.invokeAll(SameThreadHierarchicalTestExecutorService.java:38)
	at org.junit.platform.engine.support.hierarchical.NodeTestTask.lambda$executeRecursively$5(NodeTestTask.java:139)
	at org.junit.platform.engine.support.hierarchical.ThrowableCollector.execute(ThrowableCollector.java:73)
	at org.junit.platform.engine.support.hierarchical.NodeTestTask.lambda$executeRecursively$7(NodeTestTask.java:125)
	at org.junit.platform.engine.support.hierarchical.Node.around(Node.java:135)
	at org.junit.platform.engine.support.hierarchical.NodeTestTask.lambda$executeRecursively$8(NodeTestTask.java:123)
	at org.junit.platform.engine.support.hierarchical.ThrowableCollector.execute(ThrowableCollector.java:73)
	at org.junit.platform.engine.support.hierarchical.NodeTestTask.executeRecursively(NodeTestTask.java:122)
	at org.junit.platform.engine.support.hierarchical.NodeTestTask.execute(NodeTestTask.java:80)
	at org.junit.platform.engine.support.hierarchical.SameThreadHierarchicalTestExecutorService.submit(SameThreadHierarchicalTestExecutorService.java:32)
	at org.junit.platform.engine.support.hierarchical.HierarchicalTestExecutor.execute(HierarchicalTestExecutor.java:57)
	at org.junit.platform.engine.support.hierarchical.HierarchicalTestEngine.execute(HierarchicalTestEngine.java:51)
	at org.junit.platform.launcher.core.DefaultLauncher.execute(DefaultLauncher.java:229)
	at org.junit.platform.launcher.core.DefaultLauncher.lambda$execute$6(DefaultLauncher.java:197)
	at org.junit.platform.launcher.core.DefaultLauncher.withInterceptedStreams(DefaultLauncher.java:211)
	at org.junit.platform.launcher.core.DefaultLauncher.execute(DefaultLauncher.java:191)
	at org.junit.platform.launcher.core.DefaultLauncher.execute(DefaultLauncher.java:128)
	at com.intellij.junit5.JUnit5IdeaTestRunner.startRunnerWithArgs(JUnit5IdeaTestRunner.java:69)
	at com.intellij.rt.junit.IdeaTestRunner$Repeater.startRunnerWithArgs(IdeaTestRunner.java:33)
	at com.intellij.rt.junit.JUnitStarter.prepareStreamsAndStart(JUnitStarter.java:230)
	at com.intellij.rt.junit.JUnitStarter.main(JUnitStarter.java:58)
2020-05-15 15:18:49,726 343    [           main] DEBUG            druid.sql.Statement  - {conn-10005, pstmt-20000} clearParameters. 
2020-05-15 15:18:49,726 343    [           main] DEBUG            druid.sql.Statement  - {conn-10005, pstmt-20000} closed
2020-05-15 15:18:49,727 344    [           main] DEBUG           druid.sql.Connection  - {conn-10005} pool-recycle
2020-05-15 15:18:49,807 424    [           main] DEBUG           druid.sql.Connection  - {conn-10005} pool-connect
2020-05-15 15:18:49,809 426    [           main] DEBUG           druid.sql.Connection  - {conn-10005} pool-recycle
2020-05-15 15:18:49,894 511    [extShutdownHook] DEBUG           druid.sql.Connection  - {conn-10001} closed
2020-05-15 15:18:49,896 513    [extShutdownHook] DEBUG           druid.sql.Connection  - {conn-10002} closed
2020-05-15 15:18:49,897 514    [extShutdownHook] DEBUG           druid.sql.Connection  - {conn-10003} closed
2020-05-15 15:18:49,898 515    [extShutdownHook] DEBUG           druid.sql.Connection  - {conn-10004} closed
2020-05-15 15:18:49,900 517    [extShutdownHook] DEBUG           druid.sql.Connection  - {conn-10005} closed
2020-05-15 15:20:01,594 0      [           main] DEBUG           druid.sql.Connection  - {conn-10001} connected
2020-05-15 15:20:01,611 17     [           main] DEBUG           druid.sql.Connection  - {conn-10002} connected
2020-05-15 15:20:01,629 35     [           main] DEBUG           druid.sql.Connection  - {conn-10003} connected
2020-05-15 15:20:01,641 47     [           main] DEBUG           druid.sql.Connection  - {conn-10004} connected
2020-05-15 15:20:01,652 58     [           main] DEBUG           druid.sql.Connection  - {conn-10005} connected
2020-05-15 15:20:01,664 70     [           main] DEBUG           druid.sql.Connection  - {conn-10005} pool-connect
2020-05-15 15:20:01,798 204    [           main] DEBUG            druid.sql.Statement  - {conn-10005, pstmt-20000} created. insert into administrators values(?,?)
2020-05-15 15:20:01,805 211    [           main] DEBUG            druid.sql.Statement  - {conn-10005, pstmt-20000} Parameters : [root, root]
2020-05-15 15:20:01,805 211    [           main] DEBUG            druid.sql.Statement  - {conn-10005, pstmt-20000} Types : [VARCHAR, VARCHAR]
2020-05-15 15:20:01,816 222    [           main] DEBUG            druid.sql.Statement  - {conn-10005, pstmt-20000} executed. 11.7223 millis. insert into administrators values(?,?)
2020-05-15 15:20:01,816 222    [           main] DEBUG            druid.sql.Statement  - {conn-10005, pstmt-20000} clearParameters. 
2020-05-15 15:20:01,817 223    [           main] DEBUG           druid.sql.Connection  - {conn-10005} pool-recycle
2020-05-15 15:20:01,840 246    [extShutdownHook] DEBUG           druid.sql.Connection  - {conn-10001} closed
2020-05-15 15:20:01,842 248    [extShutdownHook] DEBUG           druid.sql.Connection  - {conn-10002} closed
2020-05-15 15:20:01,844 250    [extShutdownHook] DEBUG           druid.sql.Connection  - {conn-10003} closed
2020-05-15 15:20:01,845 251    [extShutdownHook] DEBUG           druid.sql.Connection  - {conn-10004} closed
2020-05-15 15:20:01,845 251    [extShutdownHook] DEBUG            druid.sql.Statement  - {conn-10005, pstmt-20000} closed
2020-05-15 15:20:01,847 253    [extShutdownHook] DEBUG           druid.sql.Connection  - {conn-10005} closed
2020-05-15 15:27:17,263 0      [nio-8081-exec-1] DEBUG           druid.sql.Connection  - {conn-10001} connected
2020-05-15 15:27:17,276 13     [nio-8081-exec-1] DEBUG           druid.sql.Connection  - {conn-10002} connected
2020-05-15 15:27:17,287 24     [nio-8081-exec-1] DEBUG           druid.sql.Connection  - {conn-10003} connected
2020-05-15 15:27:17,298 35     [nio-8081-exec-1] DEBUG           druid.sql.Connection  - {conn-10004} connected
2020-05-15 15:27:17,309 46     [nio-8081-exec-1] DEBUG           druid.sql.Connection  - {conn-10005} connected
2020-05-15 15:27:17,313 50     [nio-8081-exec-1] DEBUG           druid.sql.Connection  - {conn-10005} pool-connect
2020-05-15 15:27:17,395 132    [nio-8081-exec-1] DEBUG            druid.sql.Statement  - {conn-10005, pstmt-20000} created. select * from administrators where ano=?
2020-05-15 15:27:17,401 138    [nio-8081-exec-1] DEBUG            druid.sql.Statement  - {conn-10005, pstmt-20000} Parameters : [1840610312]
2020-05-15 15:27:17,401 138    [nio-8081-exec-1] DEBUG            druid.sql.Statement  - {conn-10005, pstmt-20000} Types : [VARCHAR]
2020-05-15 15:27:17,518 255    [nio-8081-exec-1] DEBUG            druid.sql.Statement  - {conn-10005, pstmt-20000} executed. 119.135 millis. select * from administrators where ano=?
2020-05-15 15:27:17,523 260    [nio-8081-exec-1] DEBUG            druid.sql.ResultSet  - {conn-10005, pstmt-20000, rs-50000} open
2020-05-15 15:27:17,525 262    [nio-8081-exec-1] DEBUG            druid.sql.ResultSet  - {conn-10005, pstmt-20000, rs-50000} Header: [ano, apassword]
2020-05-15 15:27:17,529 266    [nio-8081-exec-1] DEBUG            druid.sql.ResultSet  - {conn-10005, pstmt-20000, rs-50000} closed
2020-05-15 15:27:17,530 267    [nio-8081-exec-1] DEBUG            druid.sql.Statement  - {conn-10005, pstmt-20000} clearParameters. 
2020-05-15 15:27:17,531 268    [nio-8081-exec-1] DEBUG           druid.sql.Connection  - {conn-10005} pool-recycle
2020-05-15 15:27:24,010 6747   [nio-8081-exec-6] DEBUG           druid.sql.Connection  - {conn-10005} pool-connect
2020-05-15 15:27:24,011 6748   [nio-8081-exec-6] DEBUG            druid.sql.Statement  - {conn-10005, pstmt-20000} Parameters : [1]
2020-05-15 15:27:24,011 6748   [nio-8081-exec-6] DEBUG            druid.sql.Statement  - {conn-10005, pstmt-20000} Types : [VARCHAR]
2020-05-15 15:27:24,013 6750   [nio-8081-exec-6] DEBUG            druid.sql.Statement  - {conn-10005, pstmt-20000} executed. 2.5772 millis. select * from administrators where ano=?
2020-05-15 15:27:24,013 6750   [nio-8081-exec-6] DEBUG            druid.sql.ResultSet  - {conn-10005, pstmt-20000, rs-50001} open
2020-05-15 15:27:24,013 6750   [nio-8081-exec-6] DEBUG            druid.sql.ResultSet  - {conn-10005, pstmt-20000, rs-50001} Header: [ano, apassword]
2020-05-15 15:27:24,014 6751   [nio-8081-exec-6] DEBUG            druid.sql.ResultSet  - {conn-10005, pstmt-20000, rs-50001} closed
2020-05-15 15:27:24,014 6751   [nio-8081-exec-6] DEBUG            druid.sql.Statement  - {conn-10005, pstmt-20000} clearParameters. 
2020-05-15 15:27:24,014 6751   [nio-8081-exec-6] DEBUG           druid.sql.Connection  - {conn-10005} pool-recycle
2020-05-15 15:28:26,535 69272  [nio-8081-exec-7] DEBUG           druid.sql.Connection  - {conn-10005} pool-connect
2020-05-15 15:28:26,535 69272  [nio-8081-exec-7] DEBUG            druid.sql.Statement  - {conn-10005, pstmt-20000} Parameters : [admin]
2020-05-15 15:28:26,535 69272  [nio-8081-exec-7] DEBUG            druid.sql.Statement  - {conn-10005, pstmt-20000} Types : [VARCHAR]
2020-05-15 15:28:26,536 69273  [nio-8081-exec-7] DEBUG            druid.sql.Statement  - {conn-10005, pstmt-20000} executed. 0.9876 millis. select * from administrators where ano=?
2020-05-15 15:28:26,537 69274  [nio-8081-exec-7] DEBUG            druid.sql.ResultSet  - {conn-10005, pstmt-20000, rs-50002} open
2020-05-15 15:28:26,537 69274  [nio-8081-exec-7] DEBUG            druid.sql.ResultSet  - {conn-10005, pstmt-20000, rs-50002} Header: [ano, apassword]
2020-05-15 15:28:26,538 69275  [nio-8081-exec-7] DEBUG            druid.sql.ResultSet  - {conn-10005, pstmt-20000, rs-50002} Result: [admin, 123123]
2020-05-15 15:28:26,540 69277  [nio-8081-exec-7] DEBUG            druid.sql.ResultSet  - {conn-10005, pstmt-20000, rs-50002} closed
2020-05-15 15:28:26,540 69277  [nio-8081-exec-7] DEBUG            druid.sql.Statement  - {conn-10005, pstmt-20000} clearParameters. 
2020-05-15 15:28:26,540 69277  [nio-8081-exec-7] DEBUG           druid.sql.Connection  - {conn-10005} pool-recycle
2020-05-15 15:29:03,490 0      [nio-8081-exec-4] DEBUG           druid.sql.Connection  - {conn-10001} connected
2020-05-15 15:29:03,502 12     [nio-8081-exec-4] DEBUG           druid.sql.Connection  - {conn-10002} connected
2020-05-15 15:29:03,511 21     [nio-8081-exec-4] DEBUG           druid.sql.Connection  - {conn-10003} connected
2020-05-15 15:29:03,521 31     [nio-8081-exec-4] DEBUG           druid.sql.Connection  - {conn-10004} connected
2020-05-15 15:29:03,529 39     [nio-8081-exec-4] DEBUG           druid.sql.Connection  - {conn-10005} connected
2020-05-15 15:29:03,532 42     [nio-8081-exec-4] DEBUG           druid.sql.Connection  - {conn-10005} pool-connect
2020-05-15 15:29:03,612 122    [nio-8081-exec-4] DEBUG            druid.sql.Statement  - {conn-10005, pstmt-20000} created. select * from administrators where ano=?
2020-05-15 15:29:03,616 126    [nio-8081-exec-4] DEBUG            druid.sql.Statement  - {conn-10005, pstmt-20000} Parameters : [admin]
2020-05-15 15:29:03,616 126    [nio-8081-exec-4] DEBUG            druid.sql.Statement  - {conn-10005, pstmt-20000} Types : [VARCHAR]
2020-05-15 15:29:03,622 132    [nio-8081-exec-4] DEBUG            druid.sql.Statement  - {conn-10005, pstmt-20000} executed. 7.699 millis. select * from administrators where ano=?
2020-05-15 15:29:03,625 135    [nio-8081-exec-4] DEBUG            druid.sql.ResultSet  - {conn-10005, pstmt-20000, rs-50000} open
2020-05-15 15:29:03,626 136    [nio-8081-exec-4] DEBUG            druid.sql.ResultSet  - {conn-10005, pstmt-20000, rs-50000} Header: [ano, apassword]
2020-05-15 15:29:03,629 139    [nio-8081-exec-4] DEBUG            druid.sql.ResultSet  - {conn-10005, pstmt-20000, rs-50000} Result: [admin, 123123]
2020-05-15 15:29:03,630 140    [nio-8081-exec-4] DEBUG            druid.sql.ResultSet  - {conn-10005, pstmt-20000, rs-50000} closed
2020-05-15 15:29:03,631 141    [nio-8081-exec-4] DEBUG            druid.sql.Statement  - {conn-10005, pstmt-20000} clearParameters. 
2020-05-15 15:29:03,632 142    [nio-8081-exec-4] DEBUG           druid.sql.Connection  - {conn-10005} pool-recycle
2020-05-15 15:31:58,761 0      [nio-8081-exec-4] DEBUG           druid.sql.Connection  - {conn-10001} connected
2020-05-15 15:31:58,775 14     [nio-8081-exec-4] DEBUG           druid.sql.Connection  - {conn-10002} connected
2020-05-15 15:31:58,786 25     [nio-8081-exec-4] DEBUG           druid.sql.Connection  - {conn-10003} connected
2020-05-15 15:31:58,794 33     [nio-8081-exec-4] DEBUG           druid.sql.Connection  - {conn-10004} connected
2020-05-15 15:31:58,813 52     [nio-8081-exec-4] DEBUG           druid.sql.Connection  - {conn-10005} connected
2020-05-15 15:31:58,816 55     [nio-8081-exec-4] DEBUG           druid.sql.Connection  - {conn-10005} pool-connect
2020-05-15 15:31:58,897 136    [nio-8081-exec-4] DEBUG            druid.sql.Statement  - {conn-10005, pstmt-20000} created. select * from administrators where ano=?
2020-05-15 15:31:58,903 142    [nio-8081-exec-4] DEBUG            druid.sql.Statement  - {conn-10005, pstmt-20000} Parameters : [1]
2020-05-15 15:31:58,903 142    [nio-8081-exec-4] DEBUG            druid.sql.Statement  - {conn-10005, pstmt-20000} Types : [VARCHAR]
2020-05-15 15:31:58,912 151    [nio-8081-exec-4] DEBUG            druid.sql.Statement  - {conn-10005, pstmt-20000} executed. 11.2946 millis. select * from administrators where ano=?
2020-05-15 15:31:58,914 153    [nio-8081-exec-4] DEBUG            druid.sql.ResultSet  - {conn-10005, pstmt-20000, rs-50000} open
2020-05-15 15:31:58,915 154    [nio-8081-exec-4] DEBUG            druid.sql.ResultSet  - {conn-10005, pstmt-20000, rs-50000} Header: [ano, apassword]
2020-05-15 15:31:58,918 157    [nio-8081-exec-4] DEBUG            druid.sql.ResultSet  - {conn-10005, pstmt-20000, rs-50000} closed
2020-05-15 15:31:58,920 159    [nio-8081-exec-4] DEBUG            druid.sql.Statement  - {conn-10005, pstmt-20000} clearParameters. 
2020-05-15 15:31:58,921 160    [nio-8081-exec-4] DEBUG           druid.sql.Connection  - {conn-10005} pool-recycle
2020-05-15 15:34:44,518 0      [nio-8081-exec-2] DEBUG           druid.sql.Connection  - {conn-10001} connected
2020-05-15 15:34:44,533 15     [nio-8081-exec-2] DEBUG           druid.sql.Connection  - {conn-10002} connected
2020-05-15 15:34:44,545 27     [nio-8081-exec-2] DEBUG           druid.sql.Connection  - {conn-10003} connected
2020-05-15 15:34:44,554 36     [nio-8081-exec-2] DEBUG           druid.sql.Connection  - {conn-10004} connected
2020-05-15 15:34:44,562 44     [nio-8081-exec-2] DEBUG           druid.sql.Connection  - {conn-10005} connected
2020-05-15 15:34:44,565 47     [nio-8081-exec-2] DEBUG           druid.sql.Connection  - {conn-10005} pool-connect
2020-05-15 15:34:44,648 130    [nio-8081-exec-2] DEBUG            druid.sql.Statement  - {conn-10005, pstmt-20000} created. select * from administrators where ano=?
2020-05-15 15:34:44,653 135    [nio-8081-exec-2] DEBUG            druid.sql.Statement  - {conn-10005, pstmt-20000} Parameters : [admin]
2020-05-15 15:34:44,654 136    [nio-8081-exec-2] DEBUG            druid.sql.Statement  - {conn-10005, pstmt-20000} Types : [VARCHAR]
2020-05-15 15:34:44,667 149    [nio-8081-exec-2] DEBUG            druid.sql.Statement  - {conn-10005, pstmt-20000} executed. 15.4997 millis. select * from administrators where ano=?
2020-05-15 15:34:44,669 151    [nio-8081-exec-2] DEBUG            druid.sql.ResultSet  - {conn-10005, pstmt-20000, rs-50000} open
2020-05-15 15:34:44,671 153    [nio-8081-exec-2] DEBUG            druid.sql.ResultSet  - {conn-10005, pstmt-20000, rs-50000} Header: [ano, apassword]
2020-05-15 15:34:44,674 156    [nio-8081-exec-2] DEBUG            druid.sql.ResultSet  - {conn-10005, pstmt-20000, rs-50000} Result: [admin, 123123]
2020-05-15 15:34:44,676 158    [nio-8081-exec-2] DEBUG            druid.sql.ResultSet  - {conn-10005, pstmt-20000, rs-50000} closed
2020-05-15 15:34:44,678 160    [nio-8081-exec-2] DEBUG            druid.sql.Statement  - {conn-10005, pstmt-20000} clearParameters. 
2020-05-15 15:34:44,679 161    [nio-8081-exec-2] DEBUG           druid.sql.Connection  - {conn-10005} pool-recycle
2020-05-15 15:35:19,868 35350  [nio-8081-exec-4] DEBUG           druid.sql.Connection  - {conn-10005} pool-connect
2020-05-15 15:35:19,869 35351  [nio-8081-exec-4] DEBUG            druid.sql.Statement  - {conn-10005, pstmt-20000} Parameters : [admin]
2020-05-15 15:35:19,870 35352  [nio-8081-exec-4] DEBUG            druid.sql.Statement  - {conn-10005, pstmt-20000} Types : [VARCHAR]
2020-05-15 15:35:19,872 35354  [nio-8081-exec-4] DEBUG            druid.sql.Statement  - {conn-10005, pstmt-20000} executed. 2.8469 millis. select * from administrators where ano=?
2020-05-15 15:35:19,873 35355  [nio-8081-exec-4] DEBUG            druid.sql.ResultSet  - {conn-10005, pstmt-20000, rs-50001} open
2020-05-15 15:35:19,873 35355  [nio-8081-exec-4] DEBUG            druid.sql.ResultSet  - {conn-10005, pstmt-20000, rs-50001} Header: [ano, apassword]
2020-05-15 15:35:19,873 35355  [nio-8081-exec-4] DEBUG            druid.sql.ResultSet  - {conn-10005, pstmt-20000, rs-50001} Result: [admin, 123123]
2020-05-15 15:35:19,873 35355  [nio-8081-exec-4] DEBUG            druid.sql.ResultSet  - {conn-10005, pstmt-20000, rs-50001} closed
2020-05-15 15:35:19,874 35356  [nio-8081-exec-4] DEBUG            druid.sql.Statement  - {conn-10005, pstmt-20000} clearParameters. 
2020-05-15 15:35:19,874 35356  [nio-8081-exec-4] DEBUG           druid.sql.Connection  - {conn-10005} pool-recycle
2020-05-15 15:36:09,398 0      [nio-8081-exec-1] DEBUG           druid.sql.Connection  - {conn-10001} connected
2020-05-15 15:36:09,411 13     [nio-8081-exec-1] DEBUG           druid.sql.Connection  - {conn-10002} connected
2020-05-15 15:36:09,421 23     [nio-8081-exec-1] DEBUG           druid.sql.Connection  - {conn-10003} connected
2020-05-15 15:36:09,430 32     [nio-8081-exec-1] DEBUG           druid.sql.Connection  - {conn-10004} connected
2020-05-15 15:36:09,442 44     [nio-8081-exec-1] DEBUG           druid.sql.Connection  - {conn-10005} connected
2020-05-15 15:36:09,445 47     [nio-8081-exec-1] DEBUG           druid.sql.Connection  - {conn-10005} pool-connect
2020-05-15 15:36:09,543 145    [nio-8081-exec-1] DEBUG            druid.sql.Statement  - {conn-10005, pstmt-20000} created. select * from administrators where ano=?
2020-05-15 15:36:09,550 152    [nio-8081-exec-1] DEBUG            druid.sql.Statement  - {conn-10005, pstmt-20000} Parameters : [admin]
2020-05-15 15:36:09,550 152    [nio-8081-exec-1] DEBUG            druid.sql.Statement  - {conn-10005, pstmt-20000} Types : [VARCHAR]
2020-05-15 15:36:09,559 161    [nio-8081-exec-1] DEBUG            druid.sql.Statement  - {conn-10005, pstmt-20000} executed. 11.3862 millis. select * from administrators where ano=?
2020-05-15 15:36:09,563 165    [nio-8081-exec-1] DEBUG            druid.sql.ResultSet  - {conn-10005, pstmt-20000, rs-50000} open
2020-05-15 15:36:09,565 167    [nio-8081-exec-1] DEBUG            druid.sql.ResultSet  - {conn-10005, pstmt-20000, rs-50000} Header: [ano, apassword]
2020-05-15 15:36:09,568 170    [nio-8081-exec-1] DEBUG            druid.sql.ResultSet  - {conn-10005, pstmt-20000, rs-50000} Result: [admin, 123123]
2020-05-15 15:36:09,570 172    [nio-8081-exec-1] DEBUG            druid.sql.ResultSet  - {conn-10005, pstmt-20000, rs-50000} closed
2020-05-15 15:36:09,571 173    [nio-8081-exec-1] DEBUG            druid.sql.Statement  - {conn-10005, pstmt-20000} clearParameters. 
2020-05-15 15:36:09,573 175    [nio-8081-exec-1] DEBUG           druid.sql.Connection  - {conn-10005} pool-recycle
2020-05-16 22:43:00,221 0      [           main] DEBUG           druid.sql.Connection  - {conn-10001} connected
2020-05-16 22:43:00,236 15     [           main] DEBUG           druid.sql.Connection  - {conn-10002} connected
2020-05-16 22:43:00,236 15     [           main] DEBUG           druid.sql.Connection  - {conn-10003} connected
2020-05-16 22:43:00,252 31     [           main] DEBUG           druid.sql.Connection  - {conn-10004} connected
2020-05-16 22:43:00,268 47     [           main] DEBUG           druid.sql.Connection  - {conn-10005} connected
2020-05-16 22:43:00,268 47     [           main] DEBUG           druid.sql.Connection  - {conn-10005} pool-connect
2020-05-16 22:43:00,408 187    [           main] DEBUG           druid.sql.Connection  - {conn-10005} pool-recycle
2020-05-16 22:43:00,455 234    [           main] DEBUG           druid.sql.Connection  - {conn-10005} pool-connect
2020-05-16 22:43:00,455 234    [           main] DEBUG           druid.sql.Connection  - {conn-10005} pool-recycle
2020-05-16 22:43:00,502 281    [extShutdownHook] DEBUG           druid.sql.Connection  - {conn-10001} closed
2020-05-16 22:43:00,502 281    [extShutdownHook] DEBUG           druid.sql.Connection  - {conn-10002} closed
2020-05-16 22:43:00,502 281    [extShutdownHook] DEBUG           druid.sql.Connection  - {conn-10003} closed
2020-05-16 22:43:00,502 281    [extShutdownHook] DEBUG           druid.sql.Connection  - {conn-10004} closed
2020-05-16 22:43:00,502 281    [extShutdownHook] DEBUG           druid.sql.Connection  - {conn-10005} closed
2020-05-16 22:45:06,205 0      [           main] DEBUG           druid.sql.Connection  - {conn-10001} connected
2020-05-16 22:45:06,221 16     [           main] DEBUG           druid.sql.Connection  - {conn-10002} connected
2020-05-16 22:45:06,221 16     [           main] DEBUG           druid.sql.Connection  - {conn-10003} connected
2020-05-16 22:45:06,236 31     [           main] DEBUG           druid.sql.Connection  - {conn-10004} connected
2020-05-16 22:45:06,252 47     [           main] DEBUG           druid.sql.Connection  - {conn-10005} connected
2020-05-16 22:45:06,252 47     [           main] DEBUG           druid.sql.Connection  - {conn-10005} pool-connect
2020-05-16 22:45:06,533 328    [           main] DEBUG            druid.sql.Statement  - {conn-10005, pstmt-20000} created. insert into administrators values(?,?)
2020-05-16 22:45:06,549 344    [           main] DEBUG            druid.sql.Statement  - {conn-10005, pstmt-20000} Parameters : [1, 1]
2020-05-16 22:45:06,549 344    [           main] DEBUG            druid.sql.Statement  - {conn-10005, pstmt-20000} Types : [VARCHAR, VARCHAR]
2020-05-16 22:45:06,564 359    [           main] DEBUG            druid.sql.Statement  - {conn-10005, pstmt-20000} executed. 22.4052 millis. insert into administrators values(?,?)
2020-05-16 22:45:06,564 359    [           main] DEBUG            druid.sql.Statement  - {conn-10005, pstmt-20000} clearParameters. 
2020-05-16 22:45:06,564 359    [           main] DEBUG           druid.sql.Connection  - {conn-10005} pool-recycle
2020-05-16 22:45:06,595 390    [extShutdownHook] DEBUG           druid.sql.Connection  - {conn-10001} closed
2020-05-16 22:45:06,595 390    [extShutdownHook] DEBUG           druid.sql.Connection  - {conn-10002} closed
2020-05-16 22:45:06,595 390    [extShutdownHook] DEBUG           druid.sql.Connection  - {conn-10003} closed
2020-05-16 22:45:06,595 390    [extShutdownHook] DEBUG           druid.sql.Connection  - {conn-10004} closed
2020-05-16 22:45:06,595 390    [extShutdownHook] DEBUG            druid.sql.Statement  - {conn-10005, pstmt-20000} closed
2020-05-16 22:45:06,595 390    [extShutdownHook] DEBUG           druid.sql.Connection  - {conn-10005} closed
2020-05-18 18:07:05,382 0      [           main] DEBUG           druid.sql.Connection  - {conn-10001} connected
2020-05-18 18:07:05,398 16     [           main] DEBUG           druid.sql.Connection  - {conn-10002} connected
2020-05-18 18:07:05,398 16     [           main] DEBUG           druid.sql.Connection  - {conn-10003} connected
2020-05-18 18:07:05,414 32     [           main] DEBUG           druid.sql.Connection  - {conn-10004} connected
2020-05-18 18:07:05,429 47     [           main] DEBUG           druid.sql.Connection  - {conn-10005} connected
2020-05-18 18:07:05,445 63     [           main] DEBUG           druid.sql.Connection  - {conn-10005} pool-connect
2020-05-18 18:07:05,570 188    [           main] DEBUG            druid.sql.Statement  - {conn-10005, pstmt-20000} created. select * from administrators where ano=?
2020-05-18 18:07:05,586 204    [           main] DEBUG            druid.sql.Statement  - {conn-10005, pstmt-20000} Parameters : [ak]
2020-05-18 18:07:05,586 204    [           main] DEBUG            druid.sql.Statement  - {conn-10005, pstmt-20000} Types : [VARCHAR]
2020-05-18 18:07:05,586 204    [           main] DEBUG            druid.sql.Statement  - {conn-10005, pstmt-20000} executed. 8.2931 millis. select * from administrators where ano=?
2020-05-18 18:07:05,586 204    [           main] DEBUG            druid.sql.ResultSet  - {conn-10005, pstmt-20000, rs-50000} open
2020-05-18 18:07:05,586 204    [           main] DEBUG            druid.sql.ResultSet  - {conn-10005, pstmt-20000, rs-50000} Header: [ano, apassword]
2020-05-18 18:07:05,601 219    [           main] DEBUG            druid.sql.ResultSet  - {conn-10005, pstmt-20000, rs-50000} closed
2020-05-18 18:07:05,601 219    [           main] DEBUG            druid.sql.Statement  - {conn-10005, pstmt-20000} clearParameters. 
2020-05-18 18:07:05,601 219    [           main] DEBUG           druid.sql.Connection  - {conn-10005} pool-recycle
2020-05-18 18:07:05,773 391    [extShutdownHook] DEBUG           druid.sql.Connection  - {conn-10001} closed
2020-05-18 18:07:05,773 391    [extShutdownHook] DEBUG           druid.sql.Connection  - {conn-10002} closed
2020-05-18 18:07:05,773 391    [extShutdownHook] DEBUG           druid.sql.Connection  - {conn-10003} closed
2020-05-18 18:07:05,773 391    [extShutdownHook] DEBUG           druid.sql.Connection  - {conn-10004} closed
2020-05-18 18:07:05,773 391    [extShutdownHook] DEBUG            druid.sql.Statement  - {conn-10005, pstmt-20000} closed
2020-05-18 18:07:05,773 391    [extShutdownHook] DEBUG           druid.sql.Connection  - {conn-10005} closed
2020-05-18 18:09:13,366 0      [           main] DEBUG           druid.sql.Connection  - {conn-10001} connected
2020-05-18 18:09:13,506 140    [           main] DEBUG           druid.sql.Connection  - {conn-10002} connected
2020-05-18 18:09:13,647 281    [           main] DEBUG           druid.sql.Connection  - {conn-10003} connected
2020-05-18 18:09:13,788 422    [           main] DEBUG           druid.sql.Connection  - {conn-10004} connected
2020-05-18 18:09:13,929 563    [           main] DEBUG           druid.sql.Connection  - {conn-10005} connected
2020-05-18 18:09:13,960 594    [           main] DEBUG           druid.sql.Connection  - {conn-10005} pool-connect
2020-05-18 18:09:14,350 984    [           main] DEBUG            druid.sql.Statement  - {conn-10005, pstmt-20000} created. select * from administrators where ano=?
2020-05-18 18:09:14,366 1000   [           main] DEBUG            druid.sql.Statement  - {conn-10005, pstmt-20000} Parameters : [ak]
2020-05-18 18:09:14,366 1000   [           main] DEBUG            druid.sql.Statement  - {conn-10005, pstmt-20000} Types : [VARCHAR]
2020-05-18 18:09:14,397 1031   [           main] DEBUG            druid.sql.Statement  - {conn-10005, pstmt-20000} executed. 34.8973 millis. select * from administrators where ano=?
2020-05-18 18:09:14,397 1031   [           main] DEBUG            druid.sql.ResultSet  - {conn-10005, pstmt-20000, rs-50000} open
2020-05-18 18:09:14,413 1047   [           main] DEBUG            druid.sql.ResultSet  - {conn-10005, pstmt-20000, rs-50000} Header: [ano, apassword]
2020-05-18 18:09:14,413 1047   [           main] DEBUG            druid.sql.ResultSet  - {conn-10005, pstmt-20000, rs-50000} closed
2020-05-18 18:09:14,413 1047   [           main] DEBUG            druid.sql.Statement  - {conn-10005, pstmt-20000} clearParameters. 
2020-05-18 18:09:14,428 1062   [           main] DEBUG           druid.sql.Connection  - {conn-10005} pool-recycle
2020-05-18 18:09:35,454 22088  [extShutdownHook] DEBUG           druid.sql.Connection  - {conn-10001} closed
2020-05-18 18:09:35,469 22103  [extShutdownHook] DEBUG           druid.sql.Connection  - {conn-10002} closed
2020-05-18 18:09:35,469 22103  [extShutdownHook] DEBUG           druid.sql.Connection  - {conn-10003} closed
2020-05-18 18:09:35,469 22103  [extShutdownHook] DEBUG           druid.sql.Connection  - {conn-10004} closed
2020-05-18 18:09:35,469 22103  [extShutdownHook] DEBUG            druid.sql.Statement  - {conn-10005, pstmt-20000} closed
2020-05-18 18:09:35,469 22103  [extShutdownHook] DEBUG           druid.sql.Connection  - {conn-10005} closed
2020-05-18 18:10:14,294 0      [           main] DEBUG           druid.sql.Connection  - {conn-10001} connected
2020-05-18 18:10:14,451 157    [           main] DEBUG           druid.sql.Connection  - {conn-10002} connected
2020-05-18 18:10:14,591 297    [           main] DEBUG           druid.sql.Connection  - {conn-10003} connected
2020-05-18 18:10:14,732 438    [           main] DEBUG           druid.sql.Connection  - {conn-10004} connected
2020-05-18 18:10:14,873 579    [           main] DEBUG           druid.sql.Connection  - {conn-10005} connected
2020-05-18 18:10:14,904 610    [           main] DEBUG           druid.sql.Connection  - {conn-10005} pool-connect
2020-05-18 18:10:15,326 1032   [           main] DEBUG            druid.sql.Statement  - {conn-10005, pstmt-20000} created. select * from administrators where ano=?
2020-05-18 18:10:15,341 1047   [           main] DEBUG            druid.sql.Statement  - {conn-10005, pstmt-20000} Parameters : [ak]
2020-05-18 18:10:15,341 1047   [           main] DEBUG            druid.sql.Statement  - {conn-10005, pstmt-20000} Types : [VARCHAR]
2020-05-18 18:10:15,373 1079   [           main] DEBUG            druid.sql.Statement  - {conn-10005, pstmt-20000} executed. 35.3888 millis. select * from administrators where ano=?
2020-05-18 18:10:15,373 1079   [           main] DEBUG            druid.sql.ResultSet  - {conn-10005, pstmt-20000, rs-50000} open
2020-05-18 18:10:15,388 1094   [           main] DEBUG            druid.sql.ResultSet  - {conn-10005, pstmt-20000, rs-50000} Header: [ano, apassword]
2020-05-18 18:10:15,388 1094   [           main] DEBUG            druid.sql.ResultSet  - {conn-10005, pstmt-20000, rs-50000} closed
2020-05-18 18:10:15,404 1110   [           main] DEBUG            druid.sql.Statement  - {conn-10005, pstmt-20000} clearParameters. 
2020-05-18 18:10:15,404 1110   [           main] DEBUG           druid.sql.Connection  - {conn-10005} pool-recycle
2020-05-18 18:10:24,403 10109  [extShutdownHook] DEBUG           druid.sql.Connection  - {conn-10001} closed
2020-05-18 18:10:24,418 10124  [extShutdownHook] DEBUG           druid.sql.Connection  - {conn-10002} closed
2020-05-18 18:10:24,418 10124  [extShutdownHook] DEBUG           druid.sql.Connection  - {conn-10003} closed
2020-05-18 18:10:24,418 10124  [extShutdownHook] DEBUG           druid.sql.Connection  - {conn-10004} closed
2020-05-18 18:10:24,418 10124  [extShutdownHook] DEBUG            druid.sql.Statement  - {conn-10005, pstmt-20000} closed
2020-05-18 18:10:24,418 10124  [extShutdownHook] DEBUG           druid.sql.Connection  - {conn-10005} closed
2020-05-18 18:33:37,635 0      [           main] DEBUG           druid.sql.Connection  - {conn-10001} connected
2020-05-18 18:33:37,651 16     [           main] DEBUG           druid.sql.Connection  - {conn-10002} connected
2020-05-18 18:33:37,666 31     [           main] DEBUG           druid.sql.Connection  - {conn-10003} connected
2020-05-18 18:33:37,682 47     [           main] DEBUG           druid.sql.Connection  - {conn-10004} connected
2020-05-18 18:33:37,698 63     [           main] DEBUG           druid.sql.Connection  - {conn-10005} connected
2020-05-18 18:33:37,698 63     [extShutdownHook] DEBUG           druid.sql.Connection  - {conn-10001} closed
2020-05-18 18:33:37,713 78     [extShutdownHook] DEBUG           druid.sql.Connection  - {conn-10002} closed
2020-05-18 18:33:37,713 78     [extShutdownHook] DEBUG           druid.sql.Connection  - {conn-10003} closed
2020-05-18 18:33:37,713 78     [extShutdownHook] DEBUG           druid.sql.Connection  - {conn-10004} closed
2020-05-18 18:33:37,713 78     [extShutdownHook] DEBUG           druid.sql.Connection  - {conn-10005} closed
2020-05-18 18:36:40,300 0      [           main] DEBUG           druid.sql.Connection  - {conn-10001} connected
2020-05-18 18:36:40,315 15     [           main] DEBUG           druid.sql.Connection  - {conn-10002} connected
2020-05-18 18:36:40,347 47     [           main] DEBUG           druid.sql.Connection  - {conn-10003} connected
2020-05-18 18:36:40,347 47     [           main] DEBUG           druid.sql.Connection  - {conn-10004} connected
2020-05-18 18:36:40,362 62     [           main] DEBUG           druid.sql.Connection  - {conn-10005} connected
2020-05-18 18:36:40,378 78     [           main] DEBUG           druid.sql.Connection  - {conn-10005} pool-connect
2020-05-18 18:36:40,503 203    [           main] DEBUG            druid.sql.Statement  - {conn-10005, pstmt-20000} created. select * from administrators where ano=?
2020-05-18 18:36:40,518 218    [           main] DEBUG            druid.sql.Statement  - {conn-10005, pstmt-20000} Parameters : [ak]
2020-05-18 18:36:40,518 218    [           main] DEBUG            druid.sql.Statement  - {conn-10005, pstmt-20000} Types : [VARCHAR]
2020-05-18 18:36:40,518 218    [           main] DEBUG            druid.sql.Statement  - {conn-10005, pstmt-20000} executed. 9.619 millis. select * from administrators where ano=?
2020-05-18 18:36:40,518 218    [           main] DEBUG            druid.sql.ResultSet  - {conn-10005, pstmt-20000, rs-50000} open
2020-05-18 18:36:40,518 218    [           main] DEBUG            druid.sql.ResultSet  - {conn-10005, pstmt-20000, rs-50000} Header: [ano, apassword]
2020-05-18 18:36:40,534 234    [           main] DEBUG            druid.sql.ResultSet  - {conn-10005, pstmt-20000, rs-50000} closed
2020-05-18 18:36:40,534 234    [           main] DEBUG            druid.sql.Statement  - {conn-10005, pstmt-20000} clearParameters. 
2020-05-18 18:36:40,534 234    [           main] DEBUG           druid.sql.Connection  - {conn-10005} pool-recycle
2020-05-18 18:36:40,581 281    [extShutdownHook] DEBUG           druid.sql.Connection  - {conn-10001} closed
2020-05-18 18:36:40,581 281    [extShutdownHook] DEBUG           druid.sql.Connection  - {conn-10002} closed
2020-05-18 18:36:40,581 281    [extShutdownHook] DEBUG           druid.sql.Connection  - {conn-10003} closed
2020-05-18 18:36:40,581 281    [extShutdownHook] DEBUG           druid.sql.Connection  - {conn-10004} closed
2020-05-18 18:36:40,581 281    [extShutdownHook] DEBUG            druid.sql.Statement  - {conn-10005, pstmt-20000} closed
2020-05-18 18:36:40,581 281    [extShutdownHook] DEBUG           druid.sql.Connection  - {conn-10005} closed
2020-05-18 18:39:43,606 0      [           main] DEBUG           druid.sql.Connection  - {conn-10001} connected
2020-05-18 18:39:43,622 16     [           main] DEBUG           druid.sql.Connection  - {conn-10002} connected
2020-05-18 18:39:43,638 32     [           main] DEBUG           druid.sql.Connection  - {conn-10003} connected
2020-05-18 18:39:43,653 47     [           main] DEBUG           druid.sql.Connection  - {conn-10004} connected
2020-05-18 18:39:43,669 63     [           main] DEBUG           druid.sql.Connection  - {conn-10005} connected
2020-05-18 18:39:43,684 78     [           main] DEBUG           druid.sql.Connection  - {conn-10005} pool-connect
2020-05-18 18:39:43,825 219    [           main] DEBUG            druid.sql.Statement  - {conn-10005, pstmt-20000} created. select * from administrators where ano=?
2020-05-18 18:39:43,825 219    [           main] DEBUG            druid.sql.Statement  - {conn-10005, pstmt-20000} Parameters : [ak]
2020-05-18 18:39:43,825 219    [           main] DEBUG            druid.sql.Statement  - {conn-10005, pstmt-20000} Types : [VARCHAR]
2020-05-18 18:39:43,841 235    [           main] DEBUG            druid.sql.Statement  - {conn-10005, pstmt-20000} executed. 9.0634 millis. select * from administrators where ano=?
2020-05-18 18:39:43,841 235    [           main] DEBUG            druid.sql.ResultSet  - {conn-10005, pstmt-20000, rs-50000} open
2020-05-18 18:39:43,841 235    [           main] DEBUG            druid.sql.ResultSet  - {conn-10005, pstmt-20000, rs-50000} Header: [ano, apassword]
2020-05-18 18:39:43,841 235    [           main] DEBUG            druid.sql.ResultSet  - {conn-10005, pstmt-20000, rs-50000} closed
2020-05-18 18:39:43,841 235    [           main] DEBUG            druid.sql.Statement  - {conn-10005, pstmt-20000} clearParameters. 
2020-05-18 18:39:43,841 235    [           main] DEBUG           druid.sql.Connection  - {conn-10005} pool-recycle
2020-05-18 18:41:13,550 89944  [extShutdownHook] DEBUG           druid.sql.Connection  - {conn-10001} closed
2020-05-18 18:41:13,566 89960  [extShutdownHook] DEBUG           druid.sql.Connection  - {conn-10002} closed
2020-05-18 18:41:13,566 89960  [extShutdownHook] DEBUG           druid.sql.Connection  - {conn-10003} closed
2020-05-18 18:41:13,566 89960  [extShutdownHook] DEBUG           druid.sql.Connection  - {conn-10004} closed
2020-05-18 18:41:13,566 89960  [extShutdownHook] DEBUG            druid.sql.Statement  - {conn-10005, pstmt-20000} closed
2020-05-18 18:41:13,566 89960  [extShutdownHook] DEBUG           druid.sql.Connection  - {conn-10005} closed
2020-05-18 18:41:34,040 0      [           main] DEBUG           druid.sql.Connection  - {conn-10001} connected
2020-05-18 18:41:34,227 187    [           main] DEBUG           druid.sql.Connection  - {conn-10002} connected
2020-05-18 18:41:34,383 343    [           main] DEBUG           druid.sql.Connection  - {conn-10003} connected
2020-05-18 18:41:34,555 515    [           main] DEBUG           druid.sql.Connection  - {conn-10004} connected
2020-05-18 18:41:34,727 687    [           main] DEBUG           druid.sql.Connection  - {conn-10005} connected
2020-05-18 18:41:34,758 718    [           main] DEBUG           druid.sql.Connection  - {conn-10005} pool-connect
2020-05-18 18:41:35,243 1203   [           main] DEBUG            druid.sql.Statement  - {conn-10005, pstmt-20000} created. select * from administrators where ano=?
2020-05-18 18:41:35,258 1218   [           main] DEBUG            druid.sql.Statement  - {conn-10005, pstmt-20000} Parameters : [ak]
2020-05-18 18:41:35,258 1218   [           main] DEBUG            druid.sql.Statement  - {conn-10005, pstmt-20000} Types : [VARCHAR]
2020-05-18 18:41:35,290 1250   [           main] DEBUG            druid.sql.Statement  - {conn-10005, pstmt-20000} executed. 43.9774 millis. select * from administrators where ano=?
2020-05-18 18:41:35,305 1265   [           main] DEBUG            druid.sql.ResultSet  - {conn-10005, pstmt-20000, rs-50000} open
2020-05-18 18:41:35,305 1265   [           main] DEBUG            druid.sql.ResultSet  - {conn-10005, pstmt-20000, rs-50000} Header: [ano, apassword]
2020-05-18 18:41:35,321 1281   [           main] DEBUG            druid.sql.ResultSet  - {conn-10005, pstmt-20000, rs-50000} closed
2020-05-18 18:41:35,321 1281   [           main] DEBUG            druid.sql.Statement  - {conn-10005, pstmt-20000} clearParameters. 
2020-05-18 18:41:35,321 1281   [           main] DEBUG           druid.sql.Connection  - {conn-10005} pool-recycle
2020-05-18 18:41:38,290 4250   [           main] DEBUG           druid.sql.Connection  - {conn-10005} pool-connect
2020-05-18 18:41:38,290 4250   [           main] DEBUG            druid.sql.Statement  - {conn-10005, pstmt-20001} created. insert into administrators values(?,?)
2020-05-18 18:41:38,290 4250   [           main] DEBUG            druid.sql.Statement  - {conn-10005, pstmt-20001} Parameters : [ak, 47]
2020-05-18 18:41:38,290 4250   [           main] DEBUG            druid.sql.Statement  - {conn-10005, pstmt-20001} Types : [VARCHAR, VARCHAR]
2020-05-18 18:41:38,321 4281   [           main] DEBUG            druid.sql.Statement  - {conn-10005, pstmt-20001} executed. 26.2241 millis. insert into administrators values(?,?)
2020-05-18 18:41:38,321 4281   [           main] DEBUG            druid.sql.Statement  - {conn-10005, pstmt-20001} clearParameters. 
2020-05-18 18:41:38,321 4281   [           main] DEBUG           druid.sql.Connection  - {conn-10005} pool-recycle
2020-05-18 18:41:59,261 25221  [extShutdownHook] DEBUG           druid.sql.Connection  - {conn-10001} closed
2020-05-18 18:41:59,277 25237  [extShutdownHook] DEBUG           druid.sql.Connection  - {conn-10002} closed
2020-05-18 18:41:59,277 25237  [extShutdownHook] DEBUG           druid.sql.Connection  - {conn-10003} closed
2020-05-18 18:41:59,277 25237  [extShutdownHook] DEBUG           druid.sql.Connection  - {conn-10004} closed
2020-05-18 18:41:59,277 25237  [extShutdownHook] DEBUG            druid.sql.Statement  - {conn-10005, pstmt-20000} closed
2020-05-18 18:41:59,277 25237  [extShutdownHook] DEBUG            druid.sql.Statement  - {conn-10005, pstmt-20001} closed
2020-05-18 18:41:59,277 25237  [extShutdownHook] DEBUG           druid.sql.Connection  - {conn-10005} closed
2020-05-18 20:01:20,547 0      [           main] DEBUG           druid.sql.Connection  - {conn-10001} connected
2020-05-18 20:01:20,547 0      [           main] DEBUG           druid.sql.Connection  - {conn-10002} connected
2020-05-18 20:01:20,563 16     [           main] DEBUG           druid.sql.Connection  - {conn-10003} connected
2020-05-18 20:01:20,579 32     [           main] DEBUG           druid.sql.Connection  - {conn-10004} connected
2020-05-18 20:01:20,579 32     [           main] DEBUG           druid.sql.Connection  - {conn-10005} connected
2020-05-18 20:01:20,594 47     [           main] DEBUG           druid.sql.Connection  - {conn-10005} pool-connect
2020-05-18 20:01:20,719 172    [           main] DEBUG            druid.sql.Statement  - {conn-10005, pstmt-20000} created. select * from administrators where ano=?
2020-05-18 20:01:20,719 172    [           main] DEBUG            druid.sql.Statement  - {conn-10005, pstmt-20000} Parameters : [ak]
2020-05-18 20:01:20,719 172    [           main] DEBUG            druid.sql.Statement  - {conn-10005, pstmt-20000} Types : [VARCHAR]
2020-05-18 20:01:20,719 172    [           main] DEBUG            druid.sql.Statement  - {conn-10005, pstmt-20000} executed. 7.1647 millis. select * from administrators where ano=?
2020-05-18 20:01:20,735 188    [           main] DEBUG            druid.sql.ResultSet  - {conn-10005, pstmt-20000, rs-50000} open
2020-05-18 20:01:20,735 188    [           main] DEBUG            druid.sql.ResultSet  - {conn-10005, pstmt-20000, rs-50000} Header: [ano, apassword]
2020-05-18 20:01:20,735 188    [           main] DEBUG            druid.sql.ResultSet  - {conn-10005, pstmt-20000, rs-50000} Result: [ak, 47]
2020-05-18 20:01:20,735 188    [           main] DEBUG            druid.sql.ResultSet  - {conn-10005, pstmt-20000, rs-50000} closed
2020-05-18 20:01:20,735 188    [           main] DEBUG            druid.sql.Statement  - {conn-10005, pstmt-20000} clearParameters. 
2020-05-18 20:01:20,735 188    [           main] DEBUG           druid.sql.Connection  - {conn-10005} pool-recycle
2020-05-18 20:01:20,782 235    [extShutdownHook] DEBUG           druid.sql.Connection  - {conn-10001} closed
2020-05-18 20:01:20,782 235    [extShutdownHook] DEBUG           druid.sql.Connection  - {conn-10002} closed
2020-05-18 20:01:20,782 235    [extShutdownHook] DEBUG           druid.sql.Connection  - {conn-10003} closed
2020-05-18 20:01:20,782 235    [extShutdownHook] DEBUG           druid.sql.Connection  - {conn-10004} closed
2020-05-18 20:01:20,782 235    [extShutdownHook] DEBUG            druid.sql.Statement  - {conn-10005, pstmt-20000} closed
2020-05-18 20:01:20,782 235    [extShutdownHook] DEBUG           druid.sql.Connection  - {conn-10005} closed
2020-05-18 20:02:54,633 0      [           main] DEBUG           druid.sql.Connection  - {conn-10001} connected
2020-05-18 20:02:54,649 16     [           main] DEBUG           druid.sql.Connection  - {conn-10002} connected
2020-05-18 20:02:54,664 31     [           main] DEBUG           druid.sql.Connection  - {conn-10003} connected
2020-05-18 20:02:54,680 47     [           main] DEBUG           druid.sql.Connection  - {conn-10004} connected
2020-05-18 20:02:54,695 62     [           main] DEBUG           druid.sql.Connection  - {conn-10005} connected
2020-05-18 20:02:54,695 62     [           main] DEBUG           druid.sql.Connection  - {conn-10005} pool-connect
2020-05-18 20:02:54,836 203    [           main] DEBUG            druid.sql.Statement  - {conn-10005, pstmt-20000} created. select * from administrators where ano=?
2020-05-18 20:02:54,852 219    [           main] DEBUG            druid.sql.Statement  - {conn-10005, pstmt-20000} Parameters : [ak]
2020-05-18 20:02:54,852 219    [           main] DEBUG            druid.sql.Statement  - {conn-10005, pstmt-20000} Types : [VARCHAR]
2020-05-18 20:02:54,852 219    [           main] DEBUG            druid.sql.Statement  - {conn-10005, pstmt-20000} executed. 10.0524 millis. select * from administrators where ano=?
2020-05-18 20:02:54,852 219    [           main] DEBUG            druid.sql.ResultSet  - {conn-10005, pstmt-20000, rs-50000} open
2020-05-18 20:02:54,852 219    [           main] DEBUG            druid.sql.ResultSet  - {conn-10005, pstmt-20000, rs-50000} Header: [ano, apassword]
2020-05-18 20:02:54,867 234    [           main] DEBUG            druid.sql.ResultSet  - {conn-10005, pstmt-20000, rs-50000} Result: [ak, 47]
2020-05-18 20:02:54,867 234    [           main] DEBUG            druid.sql.ResultSet  - {conn-10005, pstmt-20000, rs-50000} closed
2020-05-18 20:02:54,867 234    [           main] DEBUG            druid.sql.Statement  - {conn-10005, pstmt-20000} clearParameters. 
2020-05-18 20:02:54,867 234    [           main] DEBUG           druid.sql.Connection  - {conn-10005} pool-recycle
2020-05-18 20:02:54,914 281    [extShutdownHook] DEBUG           druid.sql.Connection  - {conn-10001} closed
2020-05-18 20:02:54,914 281    [extShutdownHook] DEBUG           druid.sql.Connection  - {conn-10002} closed
2020-05-18 20:02:54,930 297    [extShutdownHook] DEBUG           druid.sql.Connection  - {conn-10003} closed
2020-05-18 20:02:54,930 297    [extShutdownHook] DEBUG           druid.sql.Connection  - {conn-10004} closed
2020-05-18 20:02:54,930 297    [extShutdownHook] DEBUG            druid.sql.Statement  - {conn-10005, pstmt-20000} closed
2020-05-18 20:02:54,930 297    [extShutdownHook] DEBUG           druid.sql.Connection  - {conn-10005} closed
2020-05-18 20:04:59,339 0      [           main] DEBUG           druid.sql.Connection  - {conn-10001} connected
2020-05-18 20:04:59,370 31     [           main] DEBUG           druid.sql.Connection  - {conn-10002} connected
2020-05-18 20:04:59,370 31     [           main] DEBUG           druid.sql.Connection  - {conn-10003} connected
2020-05-18 20:04:59,386 47     [           main] DEBUG           druid.sql.Connection  - {conn-10004} connected
2020-05-18 20:04:59,402 63     [           main] DEBUG           druid.sql.Connection  - {conn-10005} connected
2020-05-18 20:04:59,418 79     [extShutdownHook] DEBUG           druid.sql.Connection  - {conn-10001} closed
2020-05-18 20:04:59,418 79     [extShutdownHook] DEBUG           druid.sql.Connection  - {conn-10002} closed
2020-05-18 20:04:59,418 79     [extShutdownHook] DEBUG           druid.sql.Connection  - {conn-10003} closed
2020-05-18 20:04:59,418 79     [extShutdownHook] DEBUG           druid.sql.Connection  - {conn-10004} closed
2020-05-18 20:04:59,433 94     [extShutdownHook] DEBUG           druid.sql.Connection  - {conn-10005} closed
2020-05-18 20:05:10,608 0      [           main] DEBUG           druid.sql.Connection  - {conn-10001} connected
2020-05-18 20:05:10,623 15     [           main] DEBUG           druid.sql.Connection  - {conn-10002} connected
2020-05-18 20:05:10,639 31     [           main] DEBUG           druid.sql.Connection  - {conn-10003} connected
2020-05-18 20:05:10,655 47     [           main] DEBUG           druid.sql.Connection  - {conn-10004} connected
2020-05-18 20:05:10,670 62     [           main] DEBUG           druid.sql.Connection  - {conn-10005} connected
2020-05-18 20:05:10,670 62     [           main] DEBUG           druid.sql.Connection  - {conn-10005} pool-connect
2020-05-18 20:05:10,811 203    [           main] DEBUG            druid.sql.Statement  - {conn-10005, pstmt-20000} created. select * from administrators where ano=?
2020-05-18 20:05:10,811 203    [           main] DEBUG            druid.sql.Statement  - {conn-10005, pstmt-20000} Parameters : [ak]
2020-05-18 20:05:10,811 203    [           main] DEBUG            druid.sql.Statement  - {conn-10005, pstmt-20000} Types : [VARCHAR]
2020-05-18 20:05:10,827 219    [           main] DEBUG            druid.sql.Statement  - {conn-10005, pstmt-20000} executed. 8.9008 millis. select * from administrators where ano=?
2020-05-18 20:05:10,827 219    [           main] DEBUG            druid.sql.ResultSet  - {conn-10005, pstmt-20000, rs-50000} open
2020-05-18 20:05:10,827 219    [           main] DEBUG            druid.sql.ResultSet  - {conn-10005, pstmt-20000, rs-50000} Header: [ano, apassword]
2020-05-18 20:05:10,827 219    [           main] DEBUG            druid.sql.ResultSet  - {conn-10005, pstmt-20000, rs-50000} Result: [ak, 47]
2020-05-18 20:05:10,842 234    [           main] DEBUG            druid.sql.ResultSet  - {conn-10005, pstmt-20000, rs-50000} closed
2020-05-18 20:05:10,842 234    [           main] DEBUG            druid.sql.Statement  - {conn-10005, pstmt-20000} clearParameters. 
2020-05-18 20:05:10,842 234    [           main] DEBUG           druid.sql.Connection  - {conn-10005} pool-recycle
2020-05-18 20:05:10,889 281    [extShutdownHook] DEBUG           druid.sql.Connection  - {conn-10001} closed
2020-05-18 20:05:10,889 281    [extShutdownHook] DEBUG           druid.sql.Connection  - {conn-10002} closed
2020-05-18 20:05:10,889 281    [extShutdownHook] DEBUG           druid.sql.Connection  - {conn-10003} closed
2020-05-18 20:05:10,889 281    [extShutdownHook] DEBUG           druid.sql.Connection  - {conn-10004} closed
2020-05-18 20:05:10,905 297    [extShutdownHook] DEBUG            druid.sql.Statement  - {conn-10005, pstmt-20000} closed
2020-05-18 20:05:10,905 297    [extShutdownHook] DEBUG           druid.sql.Connection  - {conn-10005} closed
